Determining if the pthread_create exist failed with the following output:
Change Dir: /home/tul1/Desktop/TurtleBotBasicControl/catkin_ws_turtleBotBasicControl/build/CMakeFiles/CMakeTmp

Run Build Command:"/usr/bin/make" "cmTC_30889/fast"
/usr/bin/make -f CMakeFiles/cmTC_30889.dir/build.make CMakeFiles/cmTC_30889.dir/build
make[1]: Entering directory '/home/tul1/Desktop/TurtleBotBasicControl/catkin_ws_turtleBotBasicControl/build/CMakeFiles/CMakeTmp'
Building C object CMakeFiles/cmTC_30889.dir/CheckSymbolExists.c.o
/usr/bin/cc     -o CMakeFiles/cmTC_30889.dir/CheckSymbolExists.c.o   -c /home/tul1/Desktop/TurtleBotBasicControl/catkin_ws_turtleBotBasicControl/build/CMakeFiles/CMakeTmp/CheckSymbolExists.c
Linking C executable cmTC_30889
/usr/bin/cmake -E cmake_link_script CMakeFiles/cmTC_30889.dir/link.txt --verbose=1
/usr/bin/cc       CMakeFiles/cmTC_30889.dir/CheckSymbolExists.c.o  -o cmTC_30889 -rdynamic 
CMakeFiles/cmTC_30889.dir/CheckSymbolExists.c.o: In function `main':
CheckSymbolExists.c:(.text+0x16): undefined reference to `pthread_create'
collect2: error: ld returned 1 exit status
CMakeFiles/cmTC_30889.dir/build.make:97: recipe for target 'cmTC_30889' failed
make[1]: *** [cmTC_30889] Error 1
make[1]: Leaving directory '/home/tul1/Desktop/TurtleBotBasicControl/catkin_ws_turtleBotBasicControl/build/CMakeFiles/CMakeTmp'
Makefile:126: recipe for target 'cmTC_30889/fast' failed
make: *** [cmTC_30889/fast] Error 2

File /home/tul1/Desktop/TurtleBotBasicControl/catkin_ws_turtleBotBasicControl/build/CMakeFiles/CMakeTmp/CheckSymbolExists.c:
/* */
#include <pthread.h>

int main(int argc, char** argv)
{
  (void)argv;
#ifndef pthread_create
  return ((int*)(&pthread_create))[argc];
#else
  (void)argc;
  return 0;
#endif
}

Determining if the function pthread_create exists in the pthreads failed with the following output:
Change Dir: /home/tul1/Desktop/TurtleBotBasicControl/catkin_ws_turtleBotBasicControl/build/CMakeFiles/CMakeTmp

Run Build Command:"/usr/bin/make" "cmTC_192a4/fast"
/usr/bin/make -f CMakeFiles/cmTC_192a4.dir/build.make CMakeFiles/cmTC_192a4.dir/build
make[1]: Entering directory '/home/tul1/Desktop/TurtleBotBasicControl/catkin_ws_turtleBotBasicControl/build/CMakeFiles/CMakeTmp'
Building C object CMakeFiles/cmTC_192a4.dir/CheckFunctionExists.c.o
/usr/bin/cc    -DCHECK_FUNCTION_EXISTS=pthread_create   -o CMakeFiles/cmTC_192a4.dir/CheckFunctionExists.c.o   -c /usr/share/cmake-3.5/Modules/CheckFunctionExists.c
Linking C executable cmTC_192a4
/usr/bin/cmake -E cmake_link_script CMakeFiles/cmTC_192a4.dir/link.txt --verbose=1
/usr/bin/cc   -DCHECK_FUNCTION_EXISTS=pthread_create    CMakeFiles/cmTC_192a4.dir/CheckFunctionExists.c.o  -o cmTC_192a4 -rdynamic -lpthreads 
/usr/bin/ld: cannot find -lpthreads
collect2: error: ld returned 1 exit status
CMakeFiles/cmTC_192a4.dir/build.make:97: recipe for target 'cmTC_192a4' failed
make[1]: *** [cmTC_192a4] Error 1
make[1]: Leaving directory '/home/tul1/Desktop/TurtleBotBasicControl/catkin_ws_turtleBotBasicControl/build/CMakeFiles/CMakeTmp'
Makefile:126: recipe for target 'cmTC_192a4/fast' failed
make: *** [cmTC_192a4/fast] Error 2


